<?xml version="1.0" encoding="UTF-8"?>
<beans xmlns="http://www.springframework.org/schema/beans"
	xmlns:xsi="http://www.w3.org/2001/XMLSchema-instance" xmlns:aop="http://www.springframework.org/schema/aop"
	xmlns:context="http://www.springframework.org/schema/context" xmlns:tx="http://www.springframework.org/schema/tx"
	xsi:schemaLocation="http://www.springframework.org/schema/beans
http://www.springframework.org/schema/beans/spring-beans-4.2.xsd
http://www.springframework.org/schema/aop
http://www.springframework.org/schema/aop/spring-aop-4.2.xsd
http://www.springframework.org/schema/context
http://www.springframework.org/schema/context/spring-context-4.2.xsd
http://www.springframework.org/schema/tx
http://www.springframework.org/schema/tx/spring-tx.xsd">

	<context:component-scan base-package="ca.cimm.apps.dev.persistence" />

	<bean
		class="org.springframework.beans.factory.config.PropertyPlaceholderConfigurer">
		<property name="location">
			<value>test-db.properties</value>
		</property>
	</bean>

	<bean id="entityManagerFactory"
		class="org.springframework.orm.jpa.LocalContainerEntityManagerFactoryBean">
		<property name="persistenceXmlLocation" value="classpath:META-INF/persistence.xml" />
		<property name="persistenceUnitName" value="cimmPersistenceUnit" />
		<property name="dataSource" ref="dataSource" />
		<property name="jpaVendorAdapter" ref="jpaVendorAdapter" />
		<property name="jpaDialect" ref="jpaDialect" />
		<property name="jpaPropertyMap">
			<map>
				<entry key="eclipselink.weaving" value="false" />
				<entry key="eclipselink.ddl-generation" value="drop-and-create-tables" />
				<entry key="eclipselink.create-ddl-jdbc-file-name" value="createDDL_ddlGeneration.jdbc" />
				<entry key="eclipselink.drop-ddl-jdbc-file-name" value="dropDDL_ddlGeneration.jdbc" />
				<entry key="eclipselink.ddl-generation.output-mode" value="both" />
			</map>
		</property>

	</bean>

	<bean id="jpaVendorAdapter"
		class="org.springframework.orm.jpa.vendor.EclipseLinkJpaVendorAdapter">
		<property name="database" value="H2" />
		<property name="generateDdl" value="true" />
		<property name="databasePlatform"
			value="org.eclipse.persistence.platform.database.H2Platform" />
		<property name="showSql" value="true" />
	</bean>

	<bean id="jpaDialect"
		class="org.springframework.orm.jpa.vendor.EclipseLinkJpaDialect" />

	<bean id="dataSource"
		class="org.springframework.jdbc.datasource.DriverManagerDataSource">
		<property name="driverClassName" value="${db.driver}" />
		<property name="url" value="${db.url}" />
		<property name="username" value="${db.username}" />
		<property name="password" value="${db.password}" />
	</bean>

	<context:annotation-config />
	
	<bean id="transactionManager" class="org.springframework.orm.jpa.JpaTransactionManager">
		<property name="entityManagerFactory" ref="entityManagerFactory" />
	</bean>

	<tx:annotation-driven transaction-manager="transactionManager" />
	
</beans>